Using pre-set license
Built from '2020.2/staging' branch; Version is '2020.2.7f1 (c53830e277f1) revision 12924976'; Using compiler version '192528614'; Build Type 'Release'
OS: 'Windows 10 Pro; OS build 18363.1440; Version 1909; 64bit' Language: 'uk' Physical Memory: 16226 MB
BatchMode: 1, IsHumanControllingUs: 0, StartBugReporterOnCrash: 0, Is64bit: 1, IsPro: 0

 COMMAND LINE ARGUMENTS:
E:\Unity\2020.2.7f1\Editor\Unity.exe
-adb2
-batchMode
-noUpm
-name
AssetImportWorker0
-projectPath
E:/UnityProjects/UnityDemo
-logFile
Logs/AssetImportWorker0.log
-srvPort
58148
Successfully changed project path to: E:/UnityProjects/UnityDemo
E:/UnityProjects/UnityDemo
Using Asset Import Pipeline V2.
Refreshing native plugins compatible for Editor in 85.19 ms, found 0 plugins.
Preloading 0 native plugins for Editor in 0.00 ms.
Initialize engine version: 2020.2.7f1 (c53830e277f1)
[Subsystems] Discovering subsystems at path E:/Unity/2020.2.7f1/Editor/Data/Resources/UnitySubsystems
[Subsystems] Discovering subsystems at path E:/UnityProjects/UnityDemo/Assets
GfxDevice: creating device client; threaded=0
Direct3D:
    Version:  Direct3D 11.0 [level 11.1]
    Renderer: NVIDIA GeForce GTX 1050 Ti (ID=0x1c8c)
    Vendor:   
    VRAM:     4018 MB
    Driver:   26.21.14.4223
Initialize mono
Mono path[0] = 'E:/Unity/2020.2.7f1/Editor/Data/Managed'
Mono path[1] = 'E:/Unity/2020.2.7f1/Editor/Data/MonoBleedingEdge/lib/mono/unityjit'
Mono config path = 'E:/Unity/2020.2.7f1/Editor/Data/MonoBleedingEdge/etc'
Using monoOptions --debugger-agent=transport=dt_socket,embedding=1,server=y,suspend=n,address=127.0.0.1:56256
Begin MonoManager ReloadAssembly
Registering precompiled unity dll's ...
Register platform support module: E:/Unity/2020.2.7f1/Editor/Data/PlaybackEngines/WindowsStandaloneSupport/UnityEditor.WindowsStandalone.Extensions.dll
Registered in 0.002281 seconds.
Native extension for WindowsStandalone target not found
Refreshing native plugins compatible for Editor in 83.68 ms, found 0 plugins.
Preloading 0 native plugins for Editor in 0.00 ms.
Invoked RoslynAnalysisRunner static constructor.
RoslynAnalysisRunner will not be running.
RoslynAnalysisRunner has terminated.
Mono: successfully reloaded assembly
- Completed reload, in  3.403 seconds
Platform modules already initialized, skipping
Registering precompiled user dll's ...
Registered in 0.001318 seconds.
Begin MonoManager ReloadAssembly
Native extension for WindowsStandalone target not found
Refreshing native plugins compatible for Editor in 0.61 ms, found 0 plugins.
Preloading 0 native plugins for Editor in 0.00 ms.
Invoked RoslynAnalysisRunner static constructor.
RoslynAnalysisRunner will not be running.
RoslynAnalysisRunner has terminated.
Mono: successfully reloaded assembly
- Completed reload, in  2.227 seconds
Platform modules already initialized, skipping
========================================================================
Worker process is ready to serve import requests
Launched and connected shader compiler UnityShaderCompiler.exe after 0.10 seconds
Refreshing native plugins compatible for Editor in 0.46 ms, found 0 plugins.
Preloading 0 native plugins for Editor in 0.00 ms.
Unloading 1600 Unused Serialized files (Serialized files now loaded: 0)
System memory in use before: 72.4 MB.
System memory in use after: 72.5 MB.

Unloading 13 unused Assets to reduce memory usage. Loaded Objects now: 2041.
Total: 3.880000 ms (FindLiveObjects: 0.323900 ms CreateObjectMapping: 0.129100 ms MarkObjects: 3.282600 ms  DeleteObjects: 0.142100 ms)

========================================================================
Received Import Request.
  path: Assets/Images/Buttons/icons8-prev-50.png
  artifactKey: Guid(e9a537186851f994d838a5958f3aa2b9) Importer(815301076,1909f56bfc062723c751e8b465ee728b)
Start importing Assets/Images/Buttons/icons8-prev-50.png using Guid(e9a537186851f994d838a5958f3aa2b9) Importer(815301076,1909f56bfc062723c751e8b465ee728b)  -> (artifact id: '79b5298d1dcc85cb372426a06830b1bf') in 0.355954 seconds
  Import took 0.362351 seconds .

========================================================================
Received Import Request.
  Time since last request: 0.000518 seconds.
  path: Assets/Images/Buttons
  artifactKey: Guid(65d3775d79a86274f826877bf9da8bf9) Importer(815301076,1909f56bfc062723c751e8b465ee728b)
Start importing Assets/Images/Buttons using Guid(65d3775d79a86274f826877bf9da8bf9) Importer(815301076,1909f56bfc062723c751e8b465ee728b)  -> (artifact id: '06d1fbbc3a35240500f981f63f635473') in 0.012932 seconds
  Import took 0.020531 seconds .

========================================================================
Received Import Request.
  Time since last request: 0.000496 seconds.
  path: Assets/Images/Buttons/icons8-view-50.png
  artifactKey: Guid(5077515c9d2565b49827b32f8125c0c9) Importer(815301076,1909f56bfc062723c751e8b465ee728b)
Start importing Assets/Images/Buttons/icons8-view-50.png using Guid(5077515c9d2565b49827b32f8125c0c9) Importer(815301076,1909f56bfc062723c751e8b465ee728b)  -> (artifact id: '2dbb8b20441cc8754b2226a6be1e40fc') in 0.049979 seconds
  Import took 0.056742 seconds .

========================================================================
Received Import Request.
  Time since last request: 0.000602 seconds.
  path: Assets/Images/Buttons/icons8-bedroom-50.png
  artifactKey: Guid(68e6e17fc4d239444997c080d3db17a7) Importer(815301076,1909f56bfc062723c751e8b465ee728b)
Start importing Assets/Images/Buttons/icons8-bedroom-50.png using Guid(68e6e17fc4d239444997c080d3db17a7) Importer(815301076,1909f56bfc062723c751e8b465ee728b)  -> (artifact id: '623cd8d025ef48d77161f9c182877cb6') in 0.043581 seconds
  Import took 0.051226 seconds .

========================================================================
Received Import Request.
  Time since last request: 0.000491 seconds.
  path: Assets/Images/Buttons/icons8-previous-50.png
  artifactKey: Guid(09b092f3038533e4195c748eba8e3c7f) Importer(815301076,1909f56bfc062723c751e8b465ee728b)
Start importing Assets/Images/Buttons/icons8-previous-50.png using Guid(09b092f3038533e4195c748eba8e3c7f) Importer(815301076,1909f56bfc062723c751e8b465ee728b)  -> (artifact id: '027697381ae59e46d63d821011ffb379') in 0.019513 seconds
  Import took 0.026394 seconds .

========================================================================
Received Import Request.
  Time since last request: 0.000342 seconds.
  path: Assets/Images/Buttons/icons8-living-room-48.png
  artifactKey: Guid(7a7bf96714de6524ebe62ae3ca991332) Importer(815301076,1909f56bfc062723c751e8b465ee728b)
Start importing Assets/Images/Buttons/icons8-living-room-48.png using Guid(7a7bf96714de6524ebe62ae3ca991332) Importer(815301076,1909f56bfc062723c751e8b465ee728b)  -> (artifact id: '1fa820fc9ac4ad80c426359b68a2fe85') in 0.018867 seconds
  Import took 0.023379 seconds .

========================================================================
Received Import Request.
  Time since last request: 0.000364 seconds.
  path: Assets/Images/Buttons/icons8-next-page-64 (1).png
  artifactKey: Guid(f7658534657fdf049958491f0c37ae95) Importer(815301076,1909f56bfc062723c751e8b465ee728b)
Start importing Assets/Images/Buttons/icons8-next-page-64 (1).png using Guid(f7658534657fdf049958491f0c37ae95) Importer(815301076,1909f56bfc062723c751e8b465ee728b)  -> (artifact id: '0fa059b83ba4ba34b95e75fb68ed5600') in 0.018161 seconds
  Import took 0.023677 seconds .

========================================================================
Received Import Request.
  Time since last request: 0.000366 seconds.
  path: Assets/Images/Buttons/icons8-next-50.png
  artifactKey: Guid(5eb94a4353e20c54da5c80e53a40efa6) Importer(815301076,1909f56bfc062723c751e8b465ee728b)
Start importing Assets/Images/Buttons/icons8-next-50.png using Guid(5eb94a4353e20c54da5c80e53a40efa6) Importer(815301076,1909f56bfc062723c751e8b465ee728b)  -> (artifact id: '3ce89064605503a9ccd2713a9f93c548') in 0.084331 seconds
  Import took 0.091845 seconds .

========================================================================
Received Import Request.
  Time since last request: 0.000616 seconds.
  path: Assets/Images/d7f6f014bcccf7f1252356fbd36a6bbf.png
  artifactKey: Guid(067d075a63a2f3c4ea13aeba2f73b2a0) Importer(815301076,1909f56bfc062723c751e8b465ee728b)
Start importing Assets/Images/d7f6f014bcccf7f1252356fbd36a6bbf.png using Guid(067d075a63a2f3c4ea13aeba2f73b2a0) Importer(815301076,1909f56bfc062723c751e8b465ee728b)  -> (artifact id: '56408a3c5521ba8b765b594766f0e2a9') in 0.133804 seconds
  Import took 0.141356 seconds .

========================================================================
Received Import Request.
  Time since last request: 0.000470 seconds.
  path: Assets/Images/door.jpg
  artifactKey: Guid(106544add0d09be4291e0dcf61168055) Importer(815301076,1909f56bfc062723c751e8b465ee728b)
Start importing Assets/Images/door.jpg using Guid(106544add0d09be4291e0dcf61168055) Importer(815301076,1909f56bfc062723c751e8b465ee728b)  -> (artifact id: '0a740faf53711e92b5e305f2daf07b92') in 0.054350 seconds
  Import took 0.060192 seconds .

========================================================================
Received Import Request.
  Time since last request: 0.000487 seconds.
  path: Assets/Images/Buttons/icons8-kitchen-room-50.png
  artifactKey: Guid(68bd71504f3497b4bb390f0b10aa93d0) Importer(815301076,1909f56bfc062723c751e8b465ee728b)
Start importing Assets/Images/Buttons/icons8-kitchen-room-50.png using Guid(68bd71504f3497b4bb390f0b10aa93d0) Importer(815301076,1909f56bfc062723c751e8b465ee728b)  -> (artifact id: '994ab5ef0702b21b411470b1862d6f86') in 0.041916 seconds
  Import took 0.072166 seconds .

========================================================================
Received Prepare
Refreshing native plugins compatible for Editor in 1.97 ms, found 0 plugins.
Preloading 0 native plugins for Editor in 0.00 ms.
Unloading 5 Unused Serialized files (Serialized files now loaded: 0)
System memory in use before: 43.5 MB.
System memory in use after: 43.6 MB.

Unloading 5 unused Assets to reduce memory usage. Loaded Objects now: 2055.
Total: 5.598800 ms (FindLiveObjects: 0.406000 ms CreateObjectMapping: 0.177100 ms MarkObjects: 4.896400 ms  DeleteObjects: 0.116500 ms)

========================================================================
Received Import Request.
  Time since last request: 191.941552 seconds.
  path: Assets/Images/Buttons/icons8-camera-90.png
  artifactKey: Guid(2037cd4f21fdec64d95a236be35c3601) Importer(815301076,1909f56bfc062723c751e8b465ee728b)
Start importing Assets/Images/Buttons/icons8-camera-90.png using Guid(2037cd4f21fdec64d95a236be35c3601) Importer(815301076,1909f56bfc062723c751e8b465ee728b)  -> (artifact id: '339cb6e4a3ba3a7f721ef8d62217eb59') in 0.017530 seconds
  Import took 0.023937 seconds .

========================================================================
Received Import Request.
  Time since last request: 0.006024 seconds.
  path: Assets/Images/Buttons/icons8-camera-90.png
  artifactKey: Guid(2037cd4f21fdec64d95a236be35c3601) Importer(815301076,1909f56bfc062723c751e8b465ee728b)
Start importing Assets/Images/Buttons/icons8-camera-90.png using Guid(2037cd4f21fdec64d95a236be35c3601) Importer(815301076,1909f56bfc062723c751e8b465ee728b)  -> (artifact id: '339cb6e4a3ba3a7f721ef8d62217eb59') in 0.007953 seconds
  Import took 0.012031 seconds .

========================================================================
Received Import Request.
  Time since last request: 11.630873 seconds.
  path: Assets/Images/Buttons/icons8-camera-90.png
  artifactKey: Guid(2037cd4f21fdec64d95a236be35c3601) Importer(815301076,1909f56bfc062723c751e8b465ee728b)
Start importing Assets/Images/Buttons/icons8-camera-90.png using Guid(2037cd4f21fdec64d95a236be35c3601) Importer(815301076,1909f56bfc062723c751e8b465ee728b)  -> (artifact id: '7ba84b083a0efdfc787bff7a10b1cd73') in 0.024801 seconds
  Import took 0.032814 seconds .

========================================================================
Received Import Request.
  Time since last request: 0.005775 seconds.
  path: Assets/Images/Buttons/icons8-camera-90.png
  artifactKey: Guid(2037cd4f21fdec64d95a236be35c3601) Importer(815301076,1909f56bfc062723c751e8b465ee728b)
Start importing Assets/Images/Buttons/icons8-camera-90.png using Guid(2037cd4f21fdec64d95a236be35c3601) Importer(815301076,1909f56bfc062723c751e8b465ee728b)  -> (artifact id: '7ba84b083a0efdfc787bff7a10b1cd73') in 0.018767 seconds
  Import took 0.027392 seconds .

========================================================================
Received Import Request.
  Time since last request: 183.415787 seconds.
  path: Assets/Images/Buttons/icons8-remove-image-96.png
  artifactKey: Guid(0bf27160759906f49b40aa83a9b4a468) Importer(815301076,1909f56bfc062723c751e8b465ee728b)
Start importing Assets/Images/Buttons/icons8-remove-image-96.png using Guid(0bf27160759906f49b40aa83a9b4a468) Importer(815301076,1909f56bfc062723c751e8b465ee728b)  -> (artifact id: '56e46ba0e6b34933646c85d271f880d1') in 0.042041 seconds
  Import took 0.046430 seconds .

========================================================================
Received Import Request.
  Time since last request: 12.178966 seconds.
  path: Assets/Images/Buttons/icons8-remove-image-96.png
  artifactKey: Guid(0bf27160759906f49b40aa83a9b4a468) Importer(815301076,1909f56bfc062723c751e8b465ee728b)
Start importing Assets/Images/Buttons/icons8-remove-image-96.png using Guid(0bf27160759906f49b40aa83a9b4a468) Importer(815301076,1909f56bfc062723c751e8b465ee728b)  -> (artifact id: '5e80a9d1182d96923ad879d0ec38bfcb') in 0.023552 seconds
  Import took 0.030597 seconds .

========================================================================
Received Import Request.
  Time since last request: 0.002782 seconds.
  path: Assets/Images/Buttons/icons8-remove-image-96.png
  artifactKey: Guid(0bf27160759906f49b40aa83a9b4a468) Importer(815301076,1909f56bfc062723c751e8b465ee728b)
Start importing Assets/Images/Buttons/icons8-remove-image-96.png using Guid(0bf27160759906f49b40aa83a9b4a468) Importer(815301076,1909f56bfc062723c751e8b465ee728b)  -> (artifact id: '5e80a9d1182d96923ad879d0ec38bfcb') in 0.017262 seconds
  Import took 0.023390 seconds .

========================================================================
Received Import Request.
  Time since last request: 93.429420 seconds.
  path: Assets/Images/Buttons/icons8-upload-96.png
  artifactKey: Guid(6e19721748818e249a26d6518af9aeb4) Importer(815301076,1909f56bfc062723c751e8b465ee728b)
Start importing Assets/Images/Buttons/icons8-upload-96.png using Guid(6e19721748818e249a26d6518af9aeb4) Importer(815301076,1909f56bfc062723c751e8b465ee728b)  -> (artifact id: '1c728a6a4ea0cedc107e122f28c8db7f') in 0.029132 seconds
  Import took 0.040435 seconds .

========================================================================
Received Import Request.
  Time since last request: 14.745722 seconds.
  path: Assets/Images/Buttons/icons8-upload-96.png
  artifactKey: Guid(6e19721748818e249a26d6518af9aeb4) Importer(815301076,1909f56bfc062723c751e8b465ee728b)
Start importing Assets/Images/Buttons/icons8-upload-96.png using Guid(6e19721748818e249a26d6518af9aeb4) Importer(815301076,1909f56bfc062723c751e8b465ee728b)  -> (artifact id: 'f4b607ed949c79d6defb5cb300a68f35') in 0.027910 seconds
  Import took 0.036246 seconds .

========================================================================
Received Import Request.
  Time since last request: 0.031829 seconds.
  path: Assets/Images/Buttons/icons8-upload-96.png
  artifactKey: Guid(6e19721748818e249a26d6518af9aeb4) Importer(815301076,1909f56bfc062723c751e8b465ee728b)
Start importing Assets/Images/Buttons/icons8-upload-96.png using Guid(6e19721748818e249a26d6518af9aeb4) Importer(815301076,1909f56bfc062723c751e8b465ee728b)  -> (artifact id: 'f4b607ed949c79d6defb5cb300a68f35') in 0.036514 seconds
  Import took 0.044840 seconds .

========================================================================
Received Prepare
Registering precompiled user dll's ...
Registered in 0.001295 seconds.
Begin MonoManager ReloadAssembly
Native extension for WindowsStandalone target not found
Refreshing native plugins compatible for Editor in 0.66 ms, found 0 plugins.
Preloading 0 native plugins for Editor in 0.00 ms.
Invoked RoslynAnalysisRunner static constructor.
RoslynAnalysisRunner will not be running.
RoslynAnalysisRunner has terminated.
Mono: successfully reloaded assembly
- Completed reload, in  2.449 seconds
Platform modules already initialized, skipping
Switching build target platform(5) subTarget(0) extendedPlatform(0) -> platform(13) subTarget(524288) extendedPlatform(0)
Refreshing native plugins compatible for Editor in 0.74 ms, found 0 plugins.
Preloading 0 native plugins for Editor in 0.00 ms.
Unloading 1590 Unused Serialized files (Serialized files now loaded: 0)
System memory in use before: 74.9 MB.
System memory in use after: 75.0 MB.

Unloading 8 unused Assets to reduce memory usage. Loaded Objects now: 2064.
Total: 3.768700 ms (FindLiveObjects: 0.324100 ms CreateObjectMapping: 0.132300 ms MarkObjects: 3.228000 ms  DeleteObjects: 0.082000 ms)

AssetImportParameters requested are different than current active one (requested -> active):
  custom:graphics/normal-map-encoding: 01000000000000000000000000000000 -> 02000000000000000000000000000000
========================================================================
Received Prepare
Refreshing native plugins compatible for Editor in 1.63 ms, found 0 plugins.
Preloading 0 native plugins for Editor in 0.00 ms.
Unloading 5 Unused Serialized files (Serialized files now loaded: 0)
System memory in use before: 43.4 MB.
System memory in use after: 43.5 MB.

Unloading 4 unused Assets to reduce memory usage. Loaded Objects now: 2065.
Total: 3.606500 ms (FindLiveObjects: 0.290400 ms CreateObjectMapping: 0.085000 ms MarkObjects: 3.204800 ms  DeleteObjects: 0.023900 ms)

========================================================================
Received Prepare
Registering precompiled user dll's ...
Registered in 0.000914 seconds.
Begin MonoManager ReloadAssembly
Native extension for WindowsStandalone target not found
Refreshing native plugins compatible for Editor in 0.47 ms, found 0 plugins.
Preloading 0 native plugins for Editor in 0.00 ms.
Invoked RoslynAnalysisRunner static constructor.
RoslynAnalysisRunner will not be running.
RoslynAnalysisRunner has terminated.
Mono: successfully reloaded assembly
- Completed reload, in  1.298 seconds
Platform modules already initialized, skipping
Switching build target platform(5) subTarget(0) extendedPlatform(0) -> platform(13) subTarget(524288) extendedPlatform(0)
Refreshing native plugins compatible for Editor in 0.46 ms, found 0 plugins.
Preloading 0 native plugins for Editor in 0.00 ms.
Unloading 1589 Unused Serialized files (Serialized files now loaded: 0)
System memory in use before: 74.8 MB.
System memory in use after: 74.9 MB.

Unloading 7 unused Assets to reduce memory usage. Loaded Objects now: 2069.
Total: 2.585900 ms (FindLiveObjects: 0.212200 ms CreateObjectMapping: 0.082800 ms MarkObjects: 2.266400 ms  DeleteObjects: 0.023100 ms)

AssetImportParameters requested are different than current active one (requested -> active):
  custom:graphics/normal-map-encoding: 01000000000000000000000000000000 -> 02000000000000000000000000000000
========================================================================
Received Prepare
Refreshing native plugins compatible for Editor in 2.38 ms, found 0 plugins.
Preloading 0 native plugins for Editor in 0.00 ms.
Unloading 4 Unused Serialized files (Serialized files now loaded: 0)
System memory in use before: 43.3 MB.
System memory in use after: 43.4 MB.

Unloading 4 unused Assets to reduce memory usage. Loaded Objects now: 2069.
Total: 2.819000 ms (FindLiveObjects: 0.262600 ms CreateObjectMapping: 0.083100 ms MarkObjects: 2.452900 ms  DeleteObjects: 0.018400 ms)

========================================================================
Received Prepare
Registering precompiled user dll's ...
Registered in 0.000892 seconds.
Begin MonoManager ReloadAssembly
Native extension for WindowsStandalone target not found
Refreshing native plugins compatible for Editor in 0.47 ms, found 0 plugins.
Preloading 0 native plugins for Editor in 0.00 ms.
Invoked RoslynAnalysisRunner static constructor.
RoslynAnalysisRunner will not be running.
RoslynAnalysisRunner has terminated.
Mono: successfully reloaded assembly
- Completed reload, in  1.310 seconds
Platform modules already initialized, skipping
Switching build target platform(5) subTarget(0) extendedPlatform(0) -> platform(13) subTarget(524288) extendedPlatform(0)
Refreshing native plugins compatible for Editor in 0.46 ms, found 0 plugins.
Preloading 0 native plugins for Editor in 0.00 ms.
Unloading 1589 Unused Serialized files (Serialized files now loaded: 0)
System memory in use before: 74.8 MB.
System memory in use after: 74.9 MB.

Unloading 7 unused Assets to reduce memory usage. Loaded Objects now: 2073.
Total: 3.056400 ms (FindLiveObjects: 0.221400 ms CreateObjectMapping: 0.087500 ms MarkObjects: 2.719800 ms  DeleteObjects: 0.026100 ms)

AssetImportParameters requested are different than current active one (requested -> active):
  custom:graphics/normal-map-encoding: 01000000000000000000000000000000 -> 02000000000000000000000000000000
========================================================================
Received Prepare
Registering precompiled user dll's ...
Registered in 0.000861 seconds.
Begin MonoManager ReloadAssembly
Native extension for WindowsStandalone target not found
Refreshing native plugins compatible for Editor in 0.76 ms, found 0 plugins.
Preloading 0 native plugins for Editor in 0.00 ms.
Invoked RoslynAnalysisRunner static constructor.
RoslynAnalysisRunner will not be running.
RoslynAnalysisRunner has terminated.
Mono: successfully reloaded assembly
- Completed reload, in  1.291 seconds
Platform modules already initialized, skipping
Switching build target platform(5) subTarget(0) extendedPlatform(0) -> platform(13) subTarget(524288) extendedPlatform(0)
Refreshing native plugins compatible for Editor in 0.47 ms, found 0 plugins.
Preloading 0 native plugins for Editor in 0.00 ms.
Unloading 1589 Unused Serialized files (Serialized files now loaded: 0)
System memory in use before: 74.8 MB.
System memory in use after: 74.9 MB.

Unloading 7 unused Assets to reduce memory usage. Loaded Objects now: 2077.
Total: 2.867900 ms (FindLiveObjects: 0.228700 ms CreateObjectMapping: 0.076800 ms MarkObjects: 2.539100 ms  DeleteObjects: 0.021800 ms)

AssetImportParameters requested are different than current active one (requested -> active):
  custom:graphics/normal-map-encoding: 01000000000000000000000000000000 -> 02000000000000000000000000000000
========================================================================
Received Prepare
Registering precompiled user dll's ...
Registered in 0.000946 seconds.
Begin MonoManager ReloadAssembly
Native extension for WindowsStandalone target not found
Refreshing native plugins compatible for Editor in 0.47 ms, found 0 plugins.
Preloading 0 native plugins for Editor in 0.00 ms.
Invoked RoslynAnalysisRunner static constructor.
RoslynAnalysisRunner will not be running.
RoslynAnalysisRunner has terminated.
Mono: successfully reloaded assembly
- Completed reload, in  1.327 seconds
Platform modules already initialized, skipping
Switching build target platform(5) subTarget(0) extendedPlatform(0) -> platform(13) subTarget(524288) extendedPlatform(0)
Refreshing native plugins compatible for Editor in 0.47 ms, found 0 plugins.
Preloading 0 native plugins for Editor in 0.00 ms.
Unloading 1589 Unused Serialized files (Serialized files now loaded: 0)
System memory in use before: 74.8 MB.
System memory in use after: 74.9 MB.

Unloading 7 unused Assets to reduce memory usage. Loaded Objects now: 2081.
Total: 2.874800 ms (FindLiveObjects: 0.239700 ms CreateObjectMapping: 0.085400 ms MarkObjects: 2.528800 ms  DeleteObjects: 0.019600 ms)

AssetImportParameters requested are different than current active one (requested -> active):
  custom:graphics/normal-map-encoding: 01000000000000000000000000000000 -> 02000000000000000000000000000000
========================================================================
Received Prepare
Registering precompiled user dll's ...
Registered in 0.000885 seconds.
Begin MonoManager ReloadAssembly
Native extension for WindowsStandalone target not found
Refreshing native plugins compatible for Editor in 0.47 ms, found 0 plugins.
Preloading 0 native plugins for Editor in 0.00 ms.
Invoked RoslynAnalysisRunner static constructor.
RoslynAnalysisRunner will not be running.
RoslynAnalysisRunner has terminated.
Mono: successfully reloaded assembly
- Completed reload, in  1.362 seconds
Platform modules already initialized, skipping
Switching build target platform(5) subTarget(0) extendedPlatform(0) -> platform(13) subTarget(524288) extendedPlatform(0)
Refreshing native plugins compatible for Editor in 0.46 ms, found 0 plugins.
Preloading 0 native plugins for Editor in 0.00 ms.
Unloading 1589 Unused Serialized files (Serialized files now loaded: 0)
System memory in use before: 74.8 MB.
System memory in use after: 74.9 MB.

Unloading 7 unused Assets to reduce memory usage. Loaded Objects now: 2085.
Total: 2.612800 ms (FindLiveObjects: 0.211700 ms CreateObjectMapping: 0.088600 ms MarkObjects: 2.290900 ms  DeleteObjects: 0.020100 ms)

AssetImportParameters requested are different than current active one (requested -> active):
  custom:graphics/normal-map-encoding: 01000000000000000000000000000000 -> 02000000000000000000000000000000
========================================================================
Received Prepare
Registering precompiled user dll's ...
Registered in 0.000860 seconds.
Begin MonoManager ReloadAssembly
Native extension for WindowsStandalone target not found
Refreshing native plugins compatible for Editor in 0.49 ms, found 0 plugins.
Preloading 0 native plugins for Editor in 0.00 ms.
Invoked RoslynAnalysisRunner static constructor.
RoslynAnalysisRunner will not be running.
RoslynAnalysisRunner has terminated.
Mono: successfully reloaded assembly
- Completed reload, in  1.287 seconds
Platform modules already initialized, skipping
Switching build target platform(5) subTarget(0) extendedPlatform(0) -> platform(13) subTarget(524288) extendedPlatform(0)
Refreshing native plugins compatible for Editor in 0.47 ms, found 0 plugins.
Preloading 0 native plugins for Editor in 0.00 ms.
Unloading 1589 Unused Serialized files (Serialized files now loaded: 0)
System memory in use before: 74.8 MB.
System memory in use after: 74.9 MB.

Unloading 7 unused Assets to reduce memory usage. Loaded Objects now: 2089.
Total: 2.643600 ms (FindLiveObjects: 0.237500 ms CreateObjectMapping: 0.088300 ms MarkObjects: 2.293500 ms  DeleteObjects: 0.022700 ms)

AssetImportParameters requested are different than current active one (requested -> active):
  custom:graphics/normal-map-encoding: 01000000000000000000000000000000 -> 02000000000000000000000000000000
========================================================================
Received Prepare
Registering precompiled user dll's ...
Registered in 0.000921 seconds.
Begin MonoManager ReloadAssembly
Native extension for WindowsStandalone target not found
Refreshing native plugins compatible for Editor in 0.46 ms, found 0 plugins.
Preloading 0 native plugins for Editor in 0.00 ms.
Invoked RoslynAnalysisRunner static constructor.
RoslynAnalysisRunner will not be running.
RoslynAnalysisRunner has terminated.
Mono: successfully reloaded assembly
- Completed reload, in  1.408 seconds
Platform modules already initialized, skipping
Switching build target platform(5) subTarget(0) extendedPlatform(0) -> platform(13) subTarget(524288) extendedPlatform(0)
Refreshing native plugins compatible for Editor in 0.47 ms, found 0 plugins.
Preloading 0 native plugins for Editor in 0.00 ms.
Unloading 1589 Unused Serialized files (Serialized files now loaded: 0)
System memory in use before: 74.8 MB.
System memory in use after: 74.9 MB.

Unloading 7 unused Assets to reduce memory usage. Loaded Objects now: 2093.
Total: 2.932900 ms (FindLiveObjects: 0.242500 ms CreateObjectMapping: 0.106000 ms MarkObjects: 2.562100 ms  DeleteObjects: 0.020800 ms)

AssetImportParameters requested are different than current active one (requested -> active):
  custom:graphics/normal-map-encoding: 01000000000000000000000000000000 -> 02000000000000000000000000000000
========================================================================
Received Prepare
Registering precompiled user dll's ...
Registered in 0.001372 seconds.
Begin MonoManager ReloadAssembly
Native extension for WindowsStandalone target not found
Refreshing native plugins compatible for Editor in 0.48 ms, found 0 plugins.
Preloading 0 native plugins for Editor in 0.00 ms.
Invoked RoslynAnalysisRunner static constructor.
RoslynAnalysisRunner will not be running.
RoslynAnalysisRunner has terminated.
Mono: successfully reloaded assembly
- Completed reload, in  1.364 seconds
Platform modules already initialized, skipping
Switching build target platform(5) subTarget(0) extendedPlatform(0) -> platform(13) subTarget(524288) extendedPlatform(0)
Refreshing native plugins compatible for Editor in 0.81 ms, found 0 plugins.
Preloading 0 native plugins for Editor in 0.00 ms.
Unloading 1589 Unused Serialized files (Serialized files now loaded: 0)
System memory in use before: 74.8 MB.
System memory in use after: 75.0 MB.

Unloading 7 unused Assets to reduce memory usage. Loaded Objects now: 2097.
Total: 3.697900 ms (FindLiveObjects: 0.223000 ms CreateObjectMapping: 0.091000 ms MarkObjects: 3.356400 ms  DeleteObjects: 0.025900 ms)

AssetImportParameters requested are different than current active one (requested -> active):
  custom:graphics/normal-map-encoding: 01000000000000000000000000000000 -> 02000000000000000000000000000000
========================================================================
Received Prepare
Refreshing native plugins compatible for Editor in 0.93 ms, found 0 plugins.
Preloading 0 native plugins for Editor in 0.00 ms.
Unloading 4 Unused Serialized files (Serialized files now loaded: 0)
System memory in use before: 43.4 MB.
System memory in use after: 43.5 MB.

Unloading 4 unused Assets to reduce memory usage. Loaded Objects now: 2097.
Total: 2.016400 ms (FindLiveObjects: 0.172000 ms CreateObjectMapping: 0.060000 ms MarkObjects: 1.771400 ms  DeleteObjects: 0.011800 ms)

========================================================================
Received Prepare
Registering precompiled user dll's ...
Registered in 0.000555 seconds.
Begin MonoManager ReloadAssembly
Native extension for WindowsStandalone target not found
Refreshing native plugins compatible for Editor in 0.32 ms, found 0 plugins.
Preloading 0 native plugins for Editor in 0.00 ms.
Invoked RoslynAnalysisRunner static constructor.
RoslynAnalysisRunner will not be running.
RoslynAnalysisRunner has terminated.
Mono: successfully reloaded assembly
- Completed reload, in  0.795 seconds
Platform modules already initialized, skipping
Switching build target platform(5) subTarget(0) extendedPlatform(0) -> platform(13) subTarget(524288) extendedPlatform(0)
Refreshing native plugins compatible for Editor in 0.31 ms, found 0 plugins.
Preloading 0 native plugins for Editor in 0.00 ms.
Unloading 1589 Unused Serialized files (Serialized files now loaded: 0)
System memory in use before: 74.8 MB.
System memory in use after: 75.0 MB.

Unloading 7 unused Assets to reduce memory usage. Loaded Objects now: 2101.
Total: 2.086100 ms (FindLiveObjects: 0.250500 ms CreateObjectMapping: 0.081900 ms MarkObjects: 1.739400 ms  DeleteObjects: 0.013200 ms)

AssetImportParameters requested are different than current active one (requested -> active):
  custom:graphics/normal-map-encoding: 01000000000000000000000000000000 -> 02000000000000000000000000000000
========================================================================
Received Prepare
Registering precompiled user dll's ...
Registered in 0.000614 seconds.
Begin MonoManager ReloadAssembly
Native extension for WindowsStandalone target not found
Refreshing native plugins compatible for Editor in 0.43 ms, found 0 plugins.
Preloading 0 native plugins for Editor in 0.00 ms.
Invoked RoslynAnalysisRunner static constructor.
RoslynAnalysisRunner will not be running.
RoslynAnalysisRunner has terminated.
Mono: successfully reloaded assembly
- Completed reload, in  0.920 seconds
Platform modules already initialized, skipping
Switching build target platform(5) subTarget(0) extendedPlatform(0) -> platform(13) subTarget(524288) extendedPlatform(0)
Refreshing native plugins compatible for Editor in 0.37 ms, found 0 plugins.
Preloading 0 native plugins for Editor in 0.00 ms.
Unloading 1589 Unused Serialized files (Serialized files now loaded: 0)
System memory in use before: 74.9 MB.
System memory in use after: 75.0 MB.

Unloading 7 unused Assets to reduce memory usage. Loaded Objects now: 2105.
Total: 2.286000 ms (FindLiveObjects: 0.247900 ms CreateObjectMapping: 0.085300 ms MarkObjects: 1.931700 ms  DeleteObjects: 0.019300 ms)

AssetImportParameters requested are different than current active one (requested -> active):
  custom:graphics/normal-map-encoding: 01000000000000000000000000000000 -> 02000000000000000000000000000000
========================================================================
Received Import Request.
  Time since last request: 2449.127832 seconds.
  path: Assets/Scripts/ButtonHide.cs
  artifactKey: Guid(f0cc355400291dd42a2abcd6fef36560) Importer(815301076,1909f56bfc062723c751e8b465ee728b)
Start importing Assets/Scripts/ButtonHide.cs using Guid(f0cc355400291dd42a2abcd6fef36560) Importer(815301076,1909f56bfc062723c751e8b465ee728b)  -> (artifact id: '975cd0f86b57adabe9479cf775c5f9c1') in 0.017021 seconds
  Import took 0.020559 seconds .

========================================================================
Received Prepare
Registering precompiled user dll's ...
Registered in 0.000595 seconds.
Begin MonoManager ReloadAssembly
Native extension for WindowsStandalone target not found
Refreshing native plugins compatible for Editor in 0.33 ms, found 0 plugins.
Preloading 0 native plugins for Editor in 0.00 ms.
Invoked RoslynAnalysisRunner static constructor.
RoslynAnalysisRunner will not be running.
RoslynAnalysisRunner has terminated.
Mono: successfully reloaded assembly
- Completed reload, in  0.759 seconds
Platform modules already initialized, skipping
Switching build target platform(5) subTarget(0) extendedPlatform(0) -> platform(13) subTarget(524288) extendedPlatform(0)
Refreshing native plugins compatible for Editor in 0.32 ms, found 0 plugins.
Preloading 0 native plugins for Editor in 0.00 ms.
Unloading 1589 Unused Serialized files (Serialized files now loaded: 0)
System memory in use before: 74.9 MB.
System memory in use after: 75.0 MB.

Unloading 7 unused Assets to reduce memory usage. Loaded Objects now: 2109.
Total: 1.991800 ms (FindLiveObjects: 0.179400 ms CreateObjectMapping: 0.045600 ms MarkObjects: 1.747700 ms  DeleteObjects: 0.018100 ms)

AssetImportParameters requested are different than current active one (requested -> active):
  custom:graphics/normal-map-encoding: 01000000000000000000000000000000 -> 02000000000000000000000000000000
========================================================================
Received Import Request.
  Time since last request: 126.749186 seconds.
  path: Assets/Scripts/ButtonHide.cs
  artifactKey: Guid(f0cc355400291dd42a2abcd6fef36560) Importer(815301076,1909f56bfc062723c751e8b465ee728b)
Start importing Assets/Scripts/ButtonHide.cs using Guid(f0cc355400291dd42a2abcd6fef36560) Importer(815301076,1909f56bfc062723c751e8b465ee728b)  -> (artifact id: '11962cf9ea5e02563d7aceb907585821') in 0.003459 seconds
  Import took 0.005888 seconds .

========================================================================
Received Prepare
Registering precompiled user dll's ...
Registered in 0.000637 seconds.
Begin MonoManager ReloadAssembly
Native extension for WindowsStandalone target not found
Refreshing native plugins compatible for Editor in 0.35 ms, found 0 plugins.
Preloading 0 native plugins for Editor in 0.00 ms.
Invoked RoslynAnalysisRunner static constructor.
RoslynAnalysisRunner will not be running.
RoslynAnalysisRunner has terminated.
Mono: successfully reloaded assembly
- Completed reload, in  0.749 seconds
Platform modules already initialized, skipping
Switching build target platform(5) subTarget(0) extendedPlatform(0) -> platform(13) subTarget(524288) extendedPlatform(0)
Refreshing native plugins compatible for Editor in 0.32 ms, found 0 plugins.
Preloading 0 native plugins for Editor in 0.00 ms.
Unloading 1589 Unused Serialized files (Serialized files now loaded: 0)
System memory in use before: 74.9 MB.
System memory in use after: 75.0 MB.

Unloading 8 unused Assets to reduce memory usage. Loaded Objects now: 2112.
Total: 2.102800 ms (FindLiveObjects: 0.281800 ms CreateObjectMapping: 0.086700 ms MarkObjects: 1.704900 ms  DeleteObjects: 0.028300 ms)

AssetImportParameters requested are different than current active one (requested -> active):
  custom:graphics/normal-map-encoding: 01000000000000000000000000000000 -> 02000000000000000000000000000000
========================================================================
Received Prepare
Refreshing native plugins compatible for Editor in 0.92 ms, found 0 plugins.
Preloading 0 native plugins for Editor in 0.00 ms.
Unloading 5 Unused Serialized files (Serialized files now loaded: 0)
System memory in use before: 43.6 MB.
System memory in use after: 43.7 MB.

Unloading 4 unused Assets to reduce memory usage. Loaded Objects now: 2113.
Total: 1.800600 ms (FindLiveObjects: 0.161600 ms CreateObjectMapping: 0.057500 ms MarkObjects: 1.563500 ms  DeleteObjects: 0.017300 ms)

========================================================================
Received Prepare
Registering precompiled user dll's ...
Registered in 0.000572 seconds.
Begin MonoManager ReloadAssembly
Native extension for WindowsStandalone target not found
Refreshing native plugins compatible for Editor in 0.32 ms, found 0 plugins.
Preloading 0 native plugins for Editor in 0.00 ms.
Invoked RoslynAnalysisRunner static constructor.
RoslynAnalysisRunner will not be running.
RoslynAnalysisRunner has terminated.
Mono: successfully reloaded assembly
- Completed reload, in  0.786 seconds
Platform modules already initialized, skipping
Switching build target platform(5) subTarget(0) extendedPlatform(0) -> platform(13) subTarget(524288) extendedPlatform(0)
Refreshing native plugins compatible for Editor in 0.31 ms, found 0 plugins.
Preloading 0 native plugins for Editor in 0.00 ms.
Unloading 1589 Unused Serialized files (Serialized files now loaded: 0)
System memory in use before: 74.9 MB.
System memory in use after: 75.0 MB.

Unloading 7 unused Assets to reduce memory usage. Loaded Objects now: 2117.
Total: 2.023600 ms (FindLiveObjects: 0.169900 ms CreateObjectMapping: 0.055700 ms MarkObjects: 1.783200 ms  DeleteObjects: 0.013900 ms)

AssetImportParameters requested are different than current active one (requested -> active):
  custom:graphics/normal-map-encoding: 01000000000000000000000000000000 -> 02000000000000000000000000000000
========================================================================
Received Prepare
Registering precompiled user dll's ...
Registered in 0.000559 seconds.
Begin MonoManager ReloadAssembly
Native extension for WindowsStandalone target not found
Refreshing native plugins compatible for Editor in 0.50 ms, found 0 plugins.
Preloading 0 native plugins for Editor in 0.00 ms.
Invoked RoslynAnalysisRunner static constructor.
RoslynAnalysisRunner will not be running.
RoslynAnalysisRunner has terminated.
Mono: successfully reloaded assembly
- Completed reload, in  0.819 seconds
Platform modules already initialized, skipping
Switching build target platform(5) subTarget(0) extendedPlatform(0) -> platform(13) subTarget(524288) extendedPlatform(0)
Refreshing native plugins compatible for Editor in 0.32 ms, found 0 plugins.
Preloading 0 native plugins for Editor in 0.00 ms.
Unloading 1589 Unused Serialized files (Serialized files now loaded: 0)
System memory in use before: 74.9 MB.
System memory in use after: 75.0 MB.

Unloading 7 unused Assets to reduce memory usage. Loaded Objects now: 2121.
Total: 1.797300 ms (FindLiveObjects: 0.174900 ms CreateObjectMapping: 0.056200 ms MarkObjects: 1.552000 ms  DeleteObjects: 0.013500 ms)

AssetImportParameters requested are different than current active one (requested -> active):
  custom:graphics/normal-map-encoding: 01000000000000000000000000000000 -> 02000000000000000000000000000000
========================================================================
Received Prepare
Registering precompiled user dll's ...
Registered in 0.000561 seconds.
Begin MonoManager ReloadAssembly
Native extension for WindowsStandalone target not found
Refreshing native plugins compatible for Editor in 0.44 ms, found 0 plugins.
Preloading 0 native plugins for Editor in 0.00 ms.
Invoked RoslynAnalysisRunner static constructor.
RoslynAnalysisRunner will not be running.
RoslynAnalysisRunner has terminated.
Mono: successfully reloaded assembly
- Completed reload, in  0.900 seconds
Platform modules already initialized, skipping
Switching build target platform(5) subTarget(0) extendedPlatform(0) -> platform(13) subTarget(524288) extendedPlatform(0)
Refreshing native plugins compatible for Editor in 0.33 ms, found 0 plugins.
Preloading 0 native plugins for Editor in 0.00 ms.
Unloading 1589 Unused Serialized files (Serialized files now loaded: 0)
System memory in use before: 74.9 MB.
System memory in use after: 75.0 MB.

Unloading 7 unused Assets to reduce memory usage. Loaded Objects now: 2125.
Total: 1.698100 ms (FindLiveObjects: 0.170900 ms CreateObjectMapping: 0.073500 ms MarkObjects: 1.440300 ms  DeleteObjects: 0.012600 ms)

AssetImportParameters requested are different than current active one (requested -> active):
  custom:graphics/normal-map-encoding: 01000000000000000000000000000000 -> 02000000000000000000000000000000
========================================================================
Received Prepare
Refreshing native plugins compatible for Editor in 0.92 ms, found 0 plugins.
Preloading 0 native plugins for Editor in 0.00 ms.
Unloading 4 Unused Serialized files (Serialized files now loaded: 0)
System memory in use before: 43.4 MB.
System memory in use after: 43.6 MB.

Unloading 4 unused Assets to reduce memory usage. Loaded Objects now: 2125.
Total: 1.942200 ms (FindLiveObjects: 0.171300 ms CreateObjectMapping: 0.051600 ms MarkObjects: 1.707300 ms  DeleteObjects: 0.011100 ms)

========================================================================
Received Prepare
Registering precompiled user dll's ...
Registered in 0.000571 seconds.
Begin MonoManager ReloadAssembly
Native extension for WindowsStandalone target not found
Refreshing native plugins compatible for Editor in 0.32 ms, found 0 plugins.
Preloading 0 native plugins for Editor in 0.00 ms.
Invoked RoslynAnalysisRunner static constructor.
RoslynAnalysisRunner will not be running.
RoslynAnalysisRunner has terminated.
Mono: successfully reloaded assembly
- Completed reload, in  0.780 seconds
Platform modules already initialized, skipping
Switching build target platform(5) subTarget(0) extendedPlatform(0) -> platform(13) subTarget(524288) extendedPlatform(0)
Refreshing native plugins compatible for Editor in 0.32 ms, found 0 plugins.
Preloading 0 native plugins for Editor in 0.00 ms.
Unloading 1589 Unused Serialized files (Serialized files now loaded: 0)
System memory in use before: 74.9 MB.
System memory in use after: 75.0 MB.

Unloading 7 unused Assets to reduce memory usage. Loaded Objects now: 2129.
Total: 1.848700 ms (FindLiveObjects: 0.181500 ms CreateObjectMapping: 0.054300 ms MarkObjects: 1.598000 ms  DeleteObjects: 0.013900 ms)

AssetImportParameters requested are different than current active one (requested -> active):
  custom:graphics/normal-map-encoding: 01000000000000000000000000000000 -> 02000000000000000000000000000000
AssetImportWorkerClient::OnTransportError - code=2 error=End of file
