Using pre-set license
Built from '2020.2/staging' branch; Version is '2020.2.7f1 (c53830e277f1) revision 12924976'; Using compiler version '192528614'; Build Type 'Release'
OS: 'Windows 10 Pro; OS build 18363.1500; Version 1909; 64bit' Language: 'uk' Physical Memory: 16226 MB
BatchMode: 1, IsHumanControllingUs: 0, StartBugReporterOnCrash: 0, Is64bit: 1, IsPro: 0

 COMMAND LINE ARGUMENTS:
E:\Unity\2020.2.7f1\Editor\Unity.exe
-adb2
-batchMode
-noUpm
-name
AssetImportWorker0
-projectPath
E:/UnityProjects/UnityDemo
-logFile
Logs/AssetImportWorker0.log
-srvPort
57190
Successfully changed project path to: E:/UnityProjects/UnityDemo
E:/UnityProjects/UnityDemo
Using Asset Import Pipeline V2.
Refreshing native plugins compatible for Editor in 105.78 ms, found 0 plugins.
Preloading 0 native plugins for Editor in 0.00 ms.
Initialize engine version: 2020.2.7f1 (c53830e277f1)
[Subsystems] Discovering subsystems at path E:/Unity/2020.2.7f1/Editor/Data/Resources/UnitySubsystems
[Subsystems] Discovering subsystems at path E:/UnityProjects/UnityDemo/Assets
GfxDevice: creating device client; threaded=0
Direct3D:
    Version:  Direct3D 11.0 [level 11.1]
    Renderer: NVIDIA GeForce GTX 1050 Ti (ID=0x1c8c)
    Vendor:   
    VRAM:     4018 MB
    Driver:   26.21.14.4223
Initialize mono
Mono path[0] = 'E:/Unity/2020.2.7f1/Editor/Data/Managed'
Mono path[1] = 'E:/Unity/2020.2.7f1/Editor/Data/MonoBleedingEdge/lib/mono/unityjit'
Mono config path = 'E:/Unity/2020.2.7f1/Editor/Data/MonoBleedingEdge/etc'
Using monoOptions --debugger-agent=transport=dt_socket,embedding=1,server=y,suspend=n,address=127.0.0.1:56184
Begin MonoManager ReloadAssembly
Registering precompiled unity dll's ...
Register platform support module: E:/Unity/2020.2.7f1/Editor/Data/PlaybackEngines/WindowsStandaloneSupport/UnityEditor.WindowsStandalone.Extensions.dll
Registered in 0.001438 seconds.
Native extension for WindowsStandalone target not found
Refreshing native plugins compatible for Editor in 49.54 ms, found 0 plugins.
Preloading 0 native plugins for Editor in 0.00 ms.
Invoked RoslynAnalysisRunner static constructor.
RoslynAnalysisRunner will not be running.
RoslynAnalysisRunner has terminated.
Mono: successfully reloaded assembly
- Completed reload, in  2.144 seconds
Platform modules already initialized, skipping
Registering precompiled user dll's ...
Registered in 0.000870 seconds.
Begin MonoManager ReloadAssembly
Native extension for WindowsStandalone target not found
Refreshing native plugins compatible for Editor in 0.48 ms, found 0 plugins.
Preloading 0 native plugins for Editor in 0.00 ms.
Invoked RoslynAnalysisRunner static constructor.
RoslynAnalysisRunner will not be running.
RoslynAnalysisRunner has terminated.
Mono: successfully reloaded assembly
- Completed reload, in  1.489 seconds
Platform modules already initialized, skipping
========================================================================
Worker process is ready to serve import requests
Launched and connected shader compiler UnityShaderCompiler.exe after 0.07 seconds
Refreshing native plugins compatible for Editor in 0.45 ms, found 0 plugins.
Preloading 0 native plugins for Editor in 0.00 ms.
Unloading 1600 Unused Serialized files (Serialized files now loaded: 0)
System memory in use before: 72.4 MB.
System memory in use after: 72.5 MB.

Unloading 13 unused Assets to reduce memory usage. Loaded Objects now: 2041.
Total: 2.690900 ms (FindLiveObjects: 0.214400 ms CreateObjectMapping: 0.093500 ms MarkObjects: 2.252800 ms  DeleteObjects: 0.122800 ms)

========================================================================
Received Import Request.
  path: Assets/Prefabs/Pre/white.prefab
  artifactKey: Guid(d8d43483b9dab764797e14922304973b) Importer(815301076,1909f56bfc062723c751e8b465ee728b)
Start importing Assets/Prefabs/Pre/white.prefab using Guid(d8d43483b9dab764797e14922304973b) Importer(815301076,1909f56bfc062723c751e8b465ee728b)  -> (artifact id: '1a497401c35b65a458153b659827a8fa') in 1.591630 seconds
  Import took 1.596019 seconds .

========================================================================
Received Import Request.
  Time since last request: 0.000405 seconds.
  path: Assets/Prefabs/DoorV7.prefab
  artifactKey: Guid(67c1d3b231c0f1a4eab723475e3dd6da) Importer(815301076,1909f56bfc062723c751e8b465ee728b)
Start importing Assets/Prefabs/DoorV7.prefab using Guid(67c1d3b231c0f1a4eab723475e3dd6da) Importer(815301076,1909f56bfc062723c751e8b465ee728b)  -> (artifact id: 'ddc24acbb7d5665b4e8765fe22016350') in 1.040034 seconds
  Import took 1.043844 seconds .

========================================================================
Received Import Request.
  Time since last request: 0.000394 seconds.
  path: Assets/Prefabs/Pre/jj_door_1_white_weathered.prefab
  artifactKey: Guid(6656823df960c8d4291346bb0feace66) Importer(815301076,1909f56bfc062723c751e8b465ee728b)
Start importing Assets/Prefabs/Pre/jj_door_1_white_weathered.prefab using Guid(6656823df960c8d4291346bb0feace66) Importer(815301076,1909f56bfc062723c751e8b465ee728b)  -> (artifact id: '93a2f892ecccd9c129d04560122f9a0e') in 0.773710 seconds
  Import took 0.778565 seconds .

========================================================================
Received Import Request.
  Time since last request: 0.000391 seconds.
  path: Assets/Prefabs/Pre/red.prefab
  artifactKey: Guid(6ec314fe03585c34b85561482b7a5e37) Importer(815301076,1909f56bfc062723c751e8b465ee728b)
Start importing Assets/Prefabs/Pre/red.prefab using Guid(6ec314fe03585c34b85561482b7a5e37) Importer(815301076,1909f56bfc062723c751e8b465ee728b)  -> (artifact id: '0826236b79836c3feaac7714c91c4ec2') in 0.429550 seconds
  Import took 0.433496 seconds .

========================================================================
Received Import Request.
  Time since last request: 0.000382 seconds.
  path: Assets/Prefabs/Pre/jj_door_1_white.prefab
  artifactKey: Guid(4b7c537eb16e4604095de3237495a14a) Importer(815301076,1909f56bfc062723c751e8b465ee728b)
Start importing Assets/Prefabs/Pre/jj_door_1_white.prefab using Guid(4b7c537eb16e4604095de3237495a14a) Importer(815301076,1909f56bfc062723c751e8b465ee728b)  -> (artifact id: 'fffac2ab32be083f0218d76803ca5684') in 0.660346 seconds
  Import took 0.665088 seconds .

========================================================================
Received Import Request.
  Time since last request: 0.000390 seconds.
  path: Assets/Prefabs/Pre
  artifactKey: Guid(2c0e9321c576c10489b47bc8cc73be53) Importer(815301076,1909f56bfc062723c751e8b465ee728b)
Start importing Assets/Prefabs/Pre using Guid(2c0e9321c576c10489b47bc8cc73be53) Importer(815301076,1909f56bfc062723c751e8b465ee728b)  -> (artifact id: '3d247f483b7c4eb7194bd7718e499619') in 0.007633 seconds
  Import took 0.011878 seconds .

========================================================================
Received Import Request.
  Time since last request: 0.000371 seconds.
  path: Assets/Prefabs/DoorV1.prefab
  artifactKey: Guid(58d1eecf1f22ad04fb19294c5208d97f) Importer(815301076,1909f56bfc062723c751e8b465ee728b)
Start importing Assets/Prefabs/DoorV1.prefab using Guid(58d1eecf1f22ad04fb19294c5208d97f) Importer(815301076,1909f56bfc062723c751e8b465ee728b)  -> (artifact id: 'f7dadd4d80c2d23bc6dfddeed26898a4') in 0.614569 seconds
  Import took 0.618642 seconds .

========================================================================
Received Import Request.
  Time since last request: 0.000382 seconds.
  path: Assets/Prefabs/SceneChanger.prefab
  artifactKey: Guid(8e06876bf9c20aa42ba3df77a813a727) Importer(815301076,1909f56bfc062723c751e8b465ee728b)
Start importing Assets/Prefabs/SceneChanger.prefab using Guid(8e06876bf9c20aa42ba3df77a813a727) Importer(815301076,1909f56bfc062723c751e8b465ee728b)  -> (artifact id: 'a7483e1e1f00be709ada285aba3487dc') in 0.009706 seconds
  Import took 0.063578 seconds .

========================================================================
Received Import Request.
  Time since last request: 0.000380 seconds.
  path: Assets/Prefabs/DoorV6.prefab
  artifactKey: Guid(6585f28efd293e349bb11c76363196f2) Importer(815301076,1909f56bfc062723c751e8b465ee728b)
Start importing Assets/Prefabs/DoorV6.prefab using Guid(6585f28efd293e349bb11c76363196f2) Importer(815301076,1909f56bfc062723c751e8b465ee728b)  -> (artifact id: 'd73cb5303636708bb00196418ac8931a') in 0.593762 seconds
  Import took 0.597413 seconds .

========================================================================
Received Import Request.
  Time since last request: 0.000358 seconds.
  path: Assets/Prefabs/Pre/jj_door_1_red.prefab
  artifactKey: Guid(af01a53206eb27d418dbb49928dd33f9) Importer(815301076,1909f56bfc062723c751e8b465ee728b)
Start importing Assets/Prefabs/Pre/jj_door_1_red.prefab using Guid(af01a53206eb27d418dbb49928dd33f9) Importer(815301076,1909f56bfc062723c751e8b465ee728b)  -> (artifact id: 'aad8e62592bd07d2f102d218ddb472e7') in 0.734932 seconds
  Import took 0.739574 seconds .

========================================================================
Received Import Request.
  Time since last request: 0.000395 seconds.
  path: Assets/Prefabs/Pre/white2.prefab
  artifactKey: Guid(9be4946b5ea2ab54f83d3e8f65b55d7c) Importer(815301076,1909f56bfc062723c751e8b465ee728b)
Start importing Assets/Prefabs/Pre/white2.prefab using Guid(9be4946b5ea2ab54f83d3e8f65b55d7c) Importer(815301076,1909f56bfc062723c751e8b465ee728b)  -> (artifact id: '4d1ffc4a92da3f432208b8a2e1178133') in 0.262895 seconds
  Import took 0.266890 seconds .

AssetImportWorkerClient::OnTransportError - code=2 error=End of file
